<?xml version="1.0" encoding="UTF-8"?>
<!-- Generated by org.testng.reporters.JUnitReportReporter -->
<testsuite skipped="0" hostname="7ushar" name="com.mystore.testcases.HomePageTest" tests="2" failures="0" timestamp="2022-02-10T16:09:19 IST" time="48.664" errors="0">
  <testcase name="verifyMyWishListTest" time="26.956" classname="com.mystore.testcases.HomePageTest"/>
  <system-out/>
  <testcase name="VerifyOrderHistoryTest" time="21.708" classname="com.mystore.testcases.HomePageTest"/>
  <system-out/>
</testsuite> <!-- com.mystore.testcases.HomePageTest -->
