<?xml version="1.0" encoding="UTF-8"?>
<!-- Generated by org.testng.reporters.JUnitReportReporter -->
<testsuite skipped="0" hostname="7ushar" name="com.mystore.testcases.AccountCreationPageTest" tests="1" failures="0" timestamp="2022-02-10T16:09:19 IST" time="23.995" errors="0">
  <testcase name="AccountCreateTest" time="23.995" classname="com.mystore.testcases.AccountCreationPageTest"/>
  <system-out/>
</testsuite> <!-- com.mystore.testcases.AccountCreationPageTest -->
