<?xml version="1.0" encoding="UTF-8"?>
<!-- Generated by org.testng.reporters.JUnitReportReporter -->
<testsuite skipped="0" hostname="7ushar" name="com.mystore.testcases.OrderConfirmationPageTest" tests="1" failures="0" timestamp="2022-02-09T13:15:42 IST" time="44.280" errors="0">
  <testcase name="proceedToCheckoutTest" time="44.280" classname="com.mystore.testcases.OrderConfirmationPageTest"/>
  <system-out/>
</testsuite> <!-- com.mystore.testcases.OrderConfirmationPageTest -->
