<?xml version="1.0" encoding="UTF-8"?>
<!-- Generated by org.testng.reporters.JUnitReportReporter -->
<testsuite skipped="0" hostname="7ushar" name="com.mystore.testcases.AddressPageTest" tests="1" failures="0" timestamp="2022-02-08T18:45:30 IST" time="31.153" errors="0">
  <testcase name="proceedToCheckoutTest" time="31.153" classname="com.mystore.testcases.AddressPageTest"/>
  <system-out/>
</testsuite> <!-- com.mystore.testcases.AddressPageTest -->
