<?xml version="1.0" encoding="UTF-8"?>
<!-- Generated by org.testng.reporters.JUnitReportReporter -->
<testsuite skipped="0" hostname="7ushar" name="com.mystore.testcases.IndexPageTest" tests="1" failures="0" timestamp="2022-02-10T16:37:56 IST" time="17.945" errors="0">
  <testcase name="verifyTitle" time="17.945" classname="com.mystore.testcases.IndexPageTest"/>
  <system-out/>
</testsuite> <!-- com.mystore.testcases.IndexPageTest -->
