<?xml version="1.0" encoding="UTF-8"?>
<!-- Generated by org.testng.reporters.JUnitReportReporter -->
<testsuite skipped="0" hostname="7ushar" name="com.mystore.testcases.PaymentPageTest" tests="1" failures="0" timestamp="2022-02-09T12:54:26 IST" time="35.663" errors="0">
  <testcase name="proceedToCheckoutTest" time="35.663" classname="com.mystore.testcases.PaymentPageTest"/>
  <system-out/>
</testsuite> <!-- com.mystore.testcases.PaymentPageTest -->
