<?xml version="1.0" encoding="UTF-8"?>
<!-- Generated by org.testng.reporters.JUnitReportReporter -->
<testsuite skipped="0" hostname="7ushar" name="com.mystore.testcases.OrderSummaryPageTest" tests="1" failures="0" timestamp="2022-02-09T13:07:16 IST" time="51.166" errors="0">
  <testcase name="proceedToCheckoutTest" time="51.166" classname="com.mystore.testcases.OrderSummaryPageTest"/>
  <system-out/>
</testsuite> <!-- com.mystore.testcases.OrderSummaryPageTest -->
