<?xml version="1.0" encoding="UTF-8"?>
<!-- Generated by org.testng.reporters.JUnitReportReporter -->
<testsuite skipped="0" hostname="7ushar" name="com.mystore.testcases.ShippingPageTest" tests="1" failures="0" timestamp="2022-02-08T18:48:26 IST" time="32.050" errors="0">
  <testcase name="proceedToCheckoutTest" time="32.050" classname="com.mystore.testcases.ShippingPageTest"/>
  <system-out/>
</testsuite> <!-- com.mystore.testcases.ShippingPageTest -->
